{
  "RSpec": {
    "coverage": {
      "/Users/matt/00-turing_tech/3mod/projects/market_money_fe_be/market_money_fe/market_money_fe/config/environment.rb": {
        "lines": [
          null,
          1,
          null,
          null,
          1
        ]
      },
      "/Users/matt/00-turing_tech/3mod/projects/market_money_fe_be/market_money_fe/market_money_fe/config/application.rb": {
        "lines": [
          1,
          null,
          1,
          null,
          1,
          1,
          1,
          1,
          1,
          1,
          1,
          1,
          1,
          1,
          null,
          null,
          null,
          null,
          1,
          null,
          1,
          1,
          null,
          1,
          null,
          null,
          null,
          null,
          1,
          null,
          null,
          null,
          null,
          null,
          null,
          null,
          null,
          null,
          null,
          1,
          null,
          null
        ]
      },
      "/Users/matt/00-turing_tech/3mod/projects/market_money_fe_be/market_money_fe/market_money_fe/config/boot.rb": {
        "lines": [
          1,
          null,
          1,
          1
        ]
      },
      "/Users/matt/00-turing_tech/3mod/projects/market_money_fe_be/market_money_fe/market_money_fe/config/environments/test.rb": {
        "lines": [
          1,
          null,
          null,
          null,
          null,
          null,
          null,
          1,
          null,
          null,
          null,
          1,
          null,
          null,
          null,
          null,
          null,
          1,
          null,
          null,
          1,
          1,
          null,
          null,
          null,
          null,
          1,
          1,
          1,
          null,
          null,
          1,
          null,
          null,
          1,
          null,
          null,
          1,
          null,
          1,
          null,
          null,
          null,
          null,
          1,
          null,
          null,
          1,
          null,
          null,
          1,
          null,
          null,
          1,
          null,
          null,
          null,
          null,
          null,
          null,
          null,
          null,
          1,
          null
        ]
      },
      "/Users/matt/00-turing_tech/3mod/projects/market_money_fe_be/market_money_fe/market_money_fe/config/initializers/assets.rb": {
        "lines": [
          null,
          null,
          null,
          1,
          null,
          null,
          null,
          null,
          null,
          null,
          null,
          null
        ]
      },
      "/Users/matt/00-turing_tech/3mod/projects/market_money_fe_be/market_money_fe/market_money_fe/config/initializers/content_security_policy.rb": {
        "lines": [
          null,
          null,
          null,
          null,
          null,
          null,
          null,
          null,
          null,
          null,
          null,
          null,
          null,
          null,
          null,
          null,
          null,
          null,
          null,
          null,
          null,
          null,
          null,
          null,
          null
        ]
      },
      "/Users/matt/00-turing_tech/3mod/projects/market_money_fe_be/market_money_fe/market_money_fe/config/initializers/filter_parameter_logging.rb": {
        "lines": [
          null,
          null,
          null,
          null,
          null,
          1,
          null,
          null
        ]
      },
      "/Users/matt/00-turing_tech/3mod/projects/market_money_fe_be/market_money_fe/market_money_fe/config/initializers/inflections.rb": {
        "lines": [
          null,
          null,
          null,
          null,
          null,
          null,
          null,
          null,
          null,
          null,
          null,
          null,
          null,
          null,
          null,
          null
        ]
      },
      "/Users/matt/00-turing_tech/3mod/projects/market_money_fe_be/market_money_fe/market_money_fe/config/initializers/permissions_policy.rb": {
        "lines": [
          null,
          null,
          null,
          null,
          null,
          null,
          null,
          null,
          null,
          null,
          null,
          null,
          null
        ]
      },
      "/Users/matt/00-turing_tech/3mod/projects/market_money_fe_be/market_money_fe/market_money_fe/config/routes.rb": {
        "lines": [
          1,
          null,
          null,
          null,
          null,
          1,
          null,
          1,
          1,
          null,
          null,
          null,
          null,
          null,
          null
        ]
      },
      "/Users/matt/00-turing_tech/3mod/projects/market_money_fe_be/market_money_fe/market_money_fe/app/helpers/application_helper.rb": {
        "lines": [
          1,
          null
        ]
      },
      "/Users/matt/00-turing_tech/3mod/projects/market_money_fe_be/market_money_fe/market_money_fe/app/facades/markets_facade.rb": {
        "lines": [
          1,
          1,
          3,
          3,
          null,
          null,
          1,
          3,
          2538,
          null,
          null,
          null
        ]
      },
      "/Users/matt/00-turing_tech/3mod/projects/market_money_fe_be/market_money_fe/market_money_fe/app/services/markets_service.rb": {
        "lines": [
          1,
          1,
          3,
          null,
          null,
          1,
          3,
          3,
          null,
          null,
          1,
          3,
          3,
          null,
          null,
          null
        ]
      },
      "/Users/matt/00-turing_tech/3mod/projects/market_money_fe_be/market_money_fe/market_money_fe/app/poros/market_poro.rb": {
        "lines": [
          1,
          1,
          null,
          1,
          2538,
          2538,
          2538,
          2538,
          null,
          null
        ]
      },
      "/Users/matt/00-turing_tech/3mod/projects/market_money_fe_be/market_money_fe/market_money_fe/app/controllers/market_vendors_controller.rb": {
        "lines": [
          1,
          1,
          1,
          1,
          null,
          null
        ]
      },
      "/Users/matt/00-turing_tech/3mod/projects/market_money_fe_be/market_money_fe/market_money_fe/app/controllers/application_controller.rb": {
        "lines": [
          1,
          null
        ]
      },
      "/Users/matt/00-turing_tech/3mod/projects/market_money_fe_be/market_money_fe/market_money_fe/app/facades/market_vendors_facade.rb": {
        "lines": [
          1,
          1,
          1,
          1,
          null,
          null,
          1,
          1,
          43,
          null,
          null,
          null
        ]
      },
      "/Users/matt/00-turing_tech/3mod/projects/market_money_fe_be/market_money_fe/market_money_fe/app/services/market_vendors_service.rb": {
        "lines": [
          1,
          1,
          1,
          null,
          null,
          1,
          1,
          1,
          null,
          null,
          1,
          1,
          1,
          null,
          null,
          null
        ]
      },
      "/Users/matt/00-turing_tech/3mod/projects/market_money_fe_be/market_money_fe/market_money_fe/app/poros/vendor_poro.rb": {
        "lines": [
          1,
          1,
          null,
          1,
          43,
          43,
          43,
          43,
          43,
          null,
          null
        ]
      }
    },
    "timestamp": 1712211142
  }
}
