{
  "RSpec": {
    "coverage": {
      "/Users/matt/00-turing_tech/3mod/projects/market_money_fe_be/market_money_fe/market_money_fe/config/environment.rb": {
        "lines": [
          null,
          1,
          null,
          null,
          1
        ]
      },
      "/Users/matt/00-turing_tech/3mod/projects/market_money_fe_be/market_money_fe/market_money_fe/config/application.rb": {
        "lines": [
          1,
          null,
          1,
          null,
          1,
          1,
          1,
          1,
          1,
          1,
          1,
          1,
          1,
          1,
          null,
          null,
          null,
          null,
          1,
          null,
          1,
          1,
          null,
          1,
          null,
          null,
          null,
          null,
          1,
          null,
          null,
          null,
          null,
          null,
          null,
          null,
          null,
          null,
          null,
          1,
          null,
          null
        ]
      },
      "/Users/matt/00-turing_tech/3mod/projects/market_money_fe_be/market_money_fe/market_money_fe/config/boot.rb": {
        "lines": [
          1,
          null,
          1,
          1
        ]
      },
      "/Users/matt/00-turing_tech/3mod/projects/market_money_fe_be/market_money_fe/market_money_fe/config/environments/test.rb": {
        "lines": [
          1,
          null,
          null,
          null,
          null,
          null,
          null,
          1,
          null,
          null,
          null,
          1,
          null,
          null,
          null,
          null,
          null,
          1,
          null,
          null,
          1,
          1,
          null,
          null,
          null,
          null,
          1,
          1,
          1,
          null,
          null,
          1,
          null,
          null,
          1,
          null,
          null,
          1,
          null,
          1,
          null,
          null,
          null,
          null,
          1,
          null,
          null,
          1,
          null,
          null,
          1,
          null,
          null,
          1,
          null,
          null,
          null,
          null,
          null,
          null,
          null,
          null,
          1,
          null
        ]
      },
      "/Users/matt/00-turing_tech/3mod/projects/market_money_fe_be/market_money_fe/market_money_fe/config/initializers/assets.rb": {
        "lines": [
          null,
          null,
          null,
          1,
          null,
          null,
          null,
          null,
          null,
          null,
          null,
          null
        ]
      },
      "/Users/matt/00-turing_tech/3mod/projects/market_money_fe_be/market_money_fe/market_money_fe/config/initializers/content_security_policy.rb": {
        "lines": [
          null,
          null,
          null,
          null,
          null,
          null,
          null,
          null,
          null,
          null,
          null,
          null,
          null,
          null,
          null,
          null,
          null,
          null,
          null,
          null,
          null,
          null,
          null,
          null,
          null
        ]
      },
      "/Users/matt/00-turing_tech/3mod/projects/market_money_fe_be/market_money_fe/market_money_fe/config/initializers/filter_parameter_logging.rb": {
        "lines": [
          null,
          null,
          null,
          null,
          null,
          1,
          null,
          null
        ]
      },
      "/Users/matt/00-turing_tech/3mod/projects/market_money_fe_be/market_money_fe/market_money_fe/config/initializers/inflections.rb": {
        "lines": [
          null,
          null,
          null,
          null,
          null,
          null,
          null,
          null,
          null,
          null,
          null,
          null,
          null,
          null,
          null,
          null
        ]
      },
      "/Users/matt/00-turing_tech/3mod/projects/market_money_fe_be/market_money_fe/market_money_fe/config/initializers/permissions_policy.rb": {
        "lines": [
          null,
          null,
          null,
          null,
          null,
          null,
          null,
          null,
          null,
          null,
          null,
          null,
          null
        ]
      },
      "/Users/matt/00-turing_tech/3mod/projects/market_money_fe_be/market_money_fe/market_money_fe/config/routes.rb": {
        "lines": [
          1,
          null,
          null,
          null,
          null,
          1,
          null,
          1,
          1,
          null,
          null,
          null,
          null
        ]
      },
      "/Users/matt/00-turing_tech/3mod/projects/market_money_fe_be/market_money_fe/market_money_fe/app/helpers/application_helper.rb": {
        "lines": [
          1,
          null
        ]
      },
      "/Users/matt/00-turing_tech/3mod/projects/market_money_fe_be/market_money_fe/market_money_fe/app/facades/markets_facade.rb": {
        "lines": [
          1,
          1,
          17,
          17,
          null,
          null,
          1,
          4,
          4,
          null,
          null,
          1,
          3,
          3,
          null,
          null,
          1,
          3,
          3,
          null,
          null,
          1,
          21,
          14386,
          null,
          null,
          null,
          1,
          6,
          108,
          null,
          null,
          null
        ]
      },
      "/Users/matt/00-turing_tech/3mod/projects/market_money_fe_be/market_money_fe/market_money_fe/spec/features/user_can_select_all_markets_spec.rb": {
        "lines": [
          1,
          null,
          1,
          1,
          1,
          null,
          null,
          1,
          1,
          null,
          null,
          1,
          null,
          null,
          1,
          1,
          1,
          1,
          null,
          1,
          1,
          1,
          null,
          1,
          null,
          null,
          null
        ]
      },
      "/Users/matt/00-turing_tech/3mod/projects/market_money_fe_be/market_money_fe/market_money_fe/spec/features/user_can_view_market_details_and_vendors_spec.rb": {
        "lines": [
          1,
          null,
          1,
          1,
          2,
          2,
          2,
          null,
          null,
          1,
          1,
          null,
          1,
          1,
          1,
          null,
          null,
          1,
          1,
          null,
          1,
          null,
          1,
          1,
          1,
          null,
          1,
          null,
          null
        ]
      },
      "/Users/matt/00-turing_tech/3mod/projects/market_money_fe_be/market_money_fe/market_money_fe/spec/features/user_can_view_vendor_details_spec.rb": {
        "lines": [
          1,
          null,
          1,
          1,
          1,
          null,
          null,
          1,
          1,
          1,
          null,
          1,
          1,
          null,
          null,
          1,
          1,
          1,
          1,
          null,
          null,
          null
        ]
      },
      "/Users/matt/00-turing_tech/3mod/projects/market_money_fe_be/market_money_fe/market_money_fe/app/services/markets_service.rb": {
        "lines": [
          1,
          1,
          17,
          null,
          null,
          1,
          4,
          null,
          null,
          1,
          3,
          null,
          null,
          1,
          3,
          null,
          null,
          1,
          27,
          27,
          null,
          null,
          1,
          27,
          27,
          null,
          null,
          null
        ]
      },
      "/Users/matt/00-turing_tech/3mod/projects/market_money_fe_be/market_money_fe/market_money_fe/app/poros/market_poro.rb": {
        "lines": [
          1,
          1,
          null,
          1,
          14386,
          14386,
          14386,
          14386,
          14386,
          14386,
          null,
          null
        ]
      },
      "/Users/matt/00-turing_tech/3mod/projects/market_money_fe_be/market_money_fe/market_money_fe/app/poros/vendor_poro.rb": {
        "lines": [
          1,
          1,
          null,
          1,
          108,
          108,
          108,
          108,
          108,
          108,
          null,
          null
        ]
      },
      "/Users/matt/00-turing_tech/3mod/projects/market_money_fe_be/market_money_fe/market_money_fe/app/controllers/markets_controller.rb": {
        "lines": [
          1,
          1,
          1,
          null,
          null,
          1,
          2,
          2,
          2,
          null,
          null
        ]
      },
      "/Users/matt/00-turing_tech/3mod/projects/market_money_fe_be/market_money_fe/market_money_fe/app/controllers/application_controller.rb": {
        "lines": [
          1,
          null
        ]
      },
      "/Users/matt/00-turing_tech/3mod/projects/market_money_fe_be/market_money_fe/market_money_fe/app/controllers/vendors_controller.rb": {
        "lines": [
          1,
          1,
          2,
          2,
          2,
          null,
          null
        ]
      }
    },
    "timestamp": 1712288957
  }
}
